<?xml version="1.0" encoding="UTF-8"?>
<testsuite name="com.challenge.quality.QualityApplicationTests" tests="1" skipped="0" failures="0" errors="0" timestamp="2021-06-11T20:02:11" hostname="BR0C02DX7N8MD6N" time="0.009">
  <properties/>
  <testcase name="contextLoads()" classname="com.challenge.quality.QualityApplicationTests" time="0.009"/>
  <system-out><![CDATA[2021-06-11 17:02:08.397  INFO 27720 --- [    Test worker] .b.t.c.SpringBootTestContextBootstrapper : Neither @ContextConfiguration nor @ContextHierarchy found for test class [com.challenge.quality.QualityApplicationTests], using SpringBootContextLoader
2021-06-11 17:02:08.398  INFO 27720 --- [    Test worker] o.s.t.c.support.AbstractContextLoader    : Could not detect default resource locations for test class [com.challenge.quality.QualityApplicationTests]: no resource found for suffixes {-context.xml, Context.groovy}.
2021-06-11 17:02:08.398  INFO 27720 --- [    Test worker] t.c.s.AnnotationConfigContextLoaderUtils : Could not detect default configuration classes for test class [com.challenge.quality.QualityApplicationTests]: QualityApplicationTests does not declare any static, non-private, non-final, nested classes annotated with @Configuration.
2021-06-11 17:02:08.404  INFO 27720 --- [    Test worker] .b.t.c.SpringBootTestContextBootstrapper : Found @SpringBootConfiguration com.challenge.quality.QualityApplication for test class com.challenge.quality.QualityApplicationTests
2021-06-11 17:02:08.408  INFO 27720 --- [    Test worker] .b.t.c.SpringBootTestContextBootstrapper : Loaded default TestExecutionListener class names from location [META-INF/spring.factories]: [org.springframework.boot.test.autoconfigure.restdocs.RestDocsTestExecutionListener, org.springframework.boot.test.autoconfigure.web.client.MockRestServiceServerResetTestExecutionListener, org.springframework.boot.test.autoconfigure.web.servlet.MockMvcPrintOnlyOnFailureTestExecutionListener, org.springframework.boot.test.autoconfigure.web.servlet.WebDriverTestExecutionListener, org.springframework.boot.test.autoconfigure.webservices.client.MockWebServiceServerTestExecutionListener, org.springframework.boot.test.mock.mockito.MockitoTestExecutionListener, org.springframework.boot.test.mock.mockito.ResetMocksTestExecutionListener, org.springframework.test.context.web.ServletTestExecutionListener, org.springframework.test.context.support.DirtiesContextBeforeModesTestExecutionListener, org.springframework.test.context.event.ApplicationEventsTestExecutionListener, org.springframework.test.context.support.DependencyInjectionTestExecutionListener, org.springframework.test.context.support.DirtiesContextTestExecutionListener, org.springframework.test.context.transaction.TransactionalTestExecutionListener, org.springframework.test.context.jdbc.SqlScriptsTestExecutionListener, org.springframework.test.context.event.EventPublishingTestExecutionListener]
2021-06-11 17:02:08.415  INFO 27720 --- [    Test worker] .b.t.c.SpringBootTestContextBootstrapper : Using TestExecutionListeners: [org.springframework.test.context.web.ServletTestExecutionListener@1871fd2, org.springframework.test.context.support.DirtiesContextBeforeModesTestExecutionListener@62bbb606, org.springframework.test.context.event.ApplicationEventsTestExecutionListener@1b185883, org.springframework.boot.test.mock.mockito.MockitoTestExecutionListener@3d6382c9, org.springframework.boot.test.autoconfigure.SpringBootDependencyInjectionTestExecutionListener@4236338, org.springframework.test.context.support.DirtiesContextTestExecutionListener@3b97fe3c, org.springframework.test.context.event.EventPublishingTestExecutionListener@6212658d, org.springframework.boot.test.autoconfigure.restdocs.RestDocsTestExecutionListener@43c6d6cc, org.springframework.boot.test.autoconfigure.web.client.MockRestServiceServerResetTestExecutionListener@5c63572f, org.springframework.boot.test.autoconfigure.web.servlet.MockMvcPrintOnlyOnFailureTestExecutionListener@58812481, org.springframework.boot.test.autoconfigure.web.servlet.WebDriverTestExecutionListener@294e0c11, org.springframework.boot.test.autoconfigure.webservices.client.MockWebServiceServerTestExecutionListener@5ccbcf42, org.springframework.boot.test.mock.mockito.ResetMocksTestExecutionListener@1a5721db]

  .   ____          _            __ _ _
 /\\ / ___'_ __ _ _(_)_ __  __ _ \ \ \ \
( ( )\___ | '_ | '_| | '_ \/ _` | \ \ \ \
 \\/  ___)| |_)| | | | | || (_| |  ) ) ) )
  '  |____| .__|_| |_|_| |_\__, | / / / /
 =========|_|==============|___/=/_/_/_/
 :: Spring Boot ::                (v2.5.0)

2021-06-11 17:02:08.489  INFO 27720 --- [    Test worker] c.c.quality.QualityApplicationTests      : Starting QualityApplicationTests using Java 11.0.9.1 on BR0C02DX7N8MD6N with PID 27720 (started by lheller in /Users/lheller/Documents/projects/bootcamp/bootcamp-challenge-quality)
2021-06-11 17:02:08.492  INFO 27720 --- [    Test worker] c.c.quality.QualityApplicationTests      : No active profile set, falling back to default profiles: default
2021-06-11 17:02:10.603  INFO 27720 --- [    Test worker] o.s.b.a.e.web.EndpointLinksResolver      : Exposing 1 endpoint(s) beneath base path '/actuator'
2021-06-11 17:02:10.828  INFO 27720 --- [    Test worker] pertySourcedRequestMappingHandlerMapping : Mapped URL path [/v2/api-docs] onto method [springfox.documentation.swagger2.web.Swagger2Controller#getDocumentation(String, HttpServletRequest)]
2021-06-11 17:02:11.416  INFO 27720 --- [    Test worker] d.s.w.p.DocumentationPluginsBootstrapper : Context refreshed
2021-06-11 17:02:11.417  INFO 27720 --- [    Test worker] d.s.w.p.DocumentationPluginsBootstrapper : Found 1 custom documentation plugin(s)
2021-06-11 17:02:11.429  INFO 27720 --- [    Test worker] s.d.s.w.s.ApiListingReferenceScanner     : Scanning for api listing references
2021-06-11 17:02:11.474  INFO 27720 --- [    Test worker] c.c.quality.QualityApplicationTests      : Started QualityApplicationTests in 3.045 seconds (JVM running for 18.346)
2021-06-11 17:02:11.475  INFO 27720 --- [    Test worker] o.s.b.a.ApplicationAvailabilityBean      : Application availability state LivenessState changed to CORRECT
2021-06-11 17:02:11.478  INFO 27720 --- [    Test worker] o.s.b.a.ApplicationAvailabilityBean      : Application availability state ReadinessState changed to ACCEPTING_TRAFFIC
]]></system-out>
  <system-err><![CDATA[]]></system-err>
</testsuite>
